<?xml version="1.0" encoding="UTF-8"?>
<!-- Generated by org.testng.reporters.JUnitReportReporter -->
<testsuite skipped="0" hostname="IBM608-PC0488LB" name="com.training.sanity.tests.DeleteReturnOrderTests" tests="2" failures="0" timestamp="11 Jan 2019 11:57:58 GMT" time="8.212" errors="0">
  <testcase name="validLoginTest" time="3.314" classname="com.training.sanity.tests.DeleteReturnOrderTests"/>
  <testcase name="validDeleteReturnOrder" time="4.898" classname="com.training.sanity.tests.DeleteReturnOrderTests"/>
</testsuite> <!-- com.training.sanity.tests.DeleteReturnOrderTests -->
