<?xml version="1.0" encoding="UTF-8"?>
<!-- Generated by org.testng.reporters.JUnitReportReporter -->
<testsuite skipped="0" hostname="IBM608-PC0488LB" name="com.training.sanity.tests.ReturnOrderTests" tests="2" failures="0" timestamp="11 Jan 2019 04:38:19 GMT" time="16.074" errors="0">
  <testcase name="validLoginTest" time="7.770" classname="com.training.sanity.tests.ReturnOrderTests"/>
  <testcase name="validOrderDetails" time="8.304" classname="com.training.sanity.tests.ReturnOrderTests"/>
</testsuite> <!-- com.training.sanity.tests.ReturnOrderTests -->
