<?xml version="1.0" encoding="UTF-8"?>
<!-- Generated by org.testng.reporters.JUnitReportReporter -->
<testsuite skipped="0" hostname="IBM608-PC0488LB" name="com.training.sanity.tests.FilterCustomerListTests" tests="2" failures="0" timestamp="11 Jan 2019 04:36:07 GMT" time="10.385" errors="0">
  <testcase name="validLoginTest" time="2.637" classname="com.training.sanity.tests.FilterCustomerListTests"/>
  <testcase name="validOrderDetails" time="7.748" classname="com.training.sanity.tests.FilterCustomerListTests"/>
</testsuite> <!-- com.training.sanity.tests.FilterCustomerListTests -->
