<?xml version="1.0" encoding="UTF-8"?>
<!-- Generated by org.testng.reporters.JUnitReportReporter -->
<testsuite skipped="0" hostname="IBM608-PC0488LB" name="com.training.sanity.tests.DeleteOrderTests" tests="2" failures="0" timestamp="11 Jan 2019 04:34:49 GMT" time="8.590" errors="0">
  <testcase name="validLoginTest" time="2.717" classname="com.training.sanity.tests.DeleteOrderTests"/>
  <testcase name="validDeleteOrder" time="5.873" classname="com.training.sanity.tests.DeleteOrderTests"/>
</testsuite> <!-- com.training.sanity.tests.DeleteOrderTests -->
