<?xml version="1.0" encoding="UTF-8"?>
<!-- Generated by org.testng.reporters.JUnitReportReporter -->
<testsuite skipped="0" hostname="IBM608-PC0488LB" name="com.training.sanity.tests.FilterOrderTest" tests="2" failures="0" timestamp="11 Jan 2019 04:32:42 GMT" time="10.529" errors="0">
  <testcase name="validLoginTest" time="3.116" classname="com.training.sanity.tests.FilterOrderTest"/>
  <testcase name="validOrderDetails" time="7.413" classname="com.training.sanity.tests.FilterOrderTest"/>
</testsuite> <!-- com.training.sanity.tests.FilterOrderTest -->
