<?xml version="1.0" encoding="UTF-8"?>
<!-- Generated by org.testng.reporters.JUnitReportReporter -->
<testsuite skipped="0" hostname="IBM608-PC0488LB" name="com.training.sanity.tests.LoginTests" tests="1" failures="0" timestamp="09 Jan 2019 02:09:12 GMT" time="32.618" errors="0">
  <testcase name="validLoginTest" time="32.618" classname="com.training.sanity.tests.LoginTests"/>
</testsuite> <!-- com.training.sanity.tests.LoginTests -->
